<?xml version="1.0" encoding="UTF-8"?>
<!-- Generated by org.testng.reporters.JUnitXMLReporter -->
<testsuite hostname="samikshagupta" ignored="0" name="Default test" tests="4" failures="0" timestamp="05 Jul 2021 08:43:31 GMT" time="41.795" errors="0">
  <testcase name="invalid_togetETicket" time="3.76" classname="com.redbus.tests.TicketDetailsTest"/>
  <testcase name="invalid_togetETicket1" time="2.84" classname="com.redbus.tests.TicketDetailsTest"/>
  <testcase name="invalid_togetETicket2" time="2.308" classname="com.redbus.tests.TicketDetailsTest"/>
  <testcase name="valid_togetETicket" time="3.692" classname="com.redbus.tests.TicketDetailsTest"/>
</testsuite> <!-- Default test -->
