<?xml version="1.0" encoding="UTF-8"?>
<!-- Generated by org.testng.reporters.JUnitXMLReporter -->
<testsuite hostname="samikshagupta" ignored="12" name="Test" tests="23" failures="0" timestamp="05 Jul 2021 14:18:54 GMT" time="340.112" errors="0">
  <testcase name="offers" time="12.057" classname="com.redbus.tests.BusHireTest"/>
  <testcase name="invalid_searchCheck" time="12.807" classname="com.redbus.tests.SearchTest"/>
  <testcase name="invalid_searchCheck2" time="7.975" classname="com.redbus.tests.SearchTest"/>
  <testcase name="modifySearch" time="10.825" classname="com.redbus.tests.SearchTest"/>
  <testcase name="valid_search" time="14.29" classname="com.redbus.tests.SearchTest"/>
  <testcase name="valid_tofilterSearches" time="11.38" classname="com.redbus.tests.SearchTest"/>
  <testcase name="valid_toselectSeat" time="12.952" classname="com.redbus.tests.SearchTest"/>
  <testcase name="cancelTicket" time="4.724" classname="com.redbus.tests.BusTicketTest"/>
  <testcase name="printSmsTicket" time="4.81" classname="com.redbus.tests.BusTicketTest"/>
  <testcase name="invalid_todownloadappViaLink" time="1.069" classname="com.redbus.tests.HomePageTest"/>
  <testcase name="invalid_todownloadappViaLink1" time="0.623" classname="com.redbus.tests.HomePageTest"/>
  <testcase name="rbuscares_donateanonymously" time="3.501" classname="com.redbus.tests.HomePageTest"/>
  <testcase name="rbuscares_navigatePaymentGateway" time="11.308" classname="com.redbus.tests.HomePageTest"/>
  <testcase name="rbuscares_toDonateCustomAmount" time="3.28" classname="com.redbus.tests.HomePageTest"/>
  <testcase name="invalid_login_PhoneNumber" time="2.962" classname="com.redbus.tests.LoginTest"/>
  <testcase name="invalid_togetETicket" time="4.19" classname="com.redbus.tests.TicketDetailsTest"/>
  <testcase name="invalid_togetETicket1" time="4.104" classname="com.redbus.tests.TicketDetailsTest"/>
  <testcase name="invalid_togetETicket2" time="3.447" classname="com.redbus.tests.TicketDetailsTest"/>
  <testcase name="valid_togetETicket" time="3.681" classname="com.redbus.tests.TicketDetailsTest"/>
  <testcase name="busHire" time="3.272" classname="com.redbus.tests.NavBarTest"/>
  <testcase name="busTicket" time="6.907" classname="com.redbus.tests.NavBarTest"/>
  <testcase name="rPool" time="1.282" classname="com.redbus.tests.NavBarTest"/>
  <testcase name="redBusLogo" time="1.094" classname="com.redbus.tests.NavBarTest"/>
  <testcase name="@AfterSuite endReport" time="0.0" classname="com.redbus.utils.ExtentReport">
    <ignored/>
  </testcase> <!-- @AfterSuite endReport -->
  <testcase name="@AfterSuite endReport" time="0.0" classname="com.redbus.utils.ExtentReport">
    <ignored/>
  </testcase> <!-- @AfterSuite endReport -->
  <testcase name="@AfterSuite endReport" time="0.0" classname="com.redbus.utils.ExtentReport">
    <ignored/>
  </testcase> <!-- @AfterSuite endReport -->
  <testcase name="@AfterSuite endReport" time="0.0" classname="com.redbus.utils.ExtentReport">
    <ignored/>
  </testcase> <!-- @AfterSuite endReport -->
  <testcase name="@AfterSuite endReport" time="0.0" classname="com.redbus.utils.ExtentReport">
    <ignored/>
  </testcase> <!-- @AfterSuite endReport -->
  <testcase name="@AfterSuite endReport" time="0.0" classname="com.redbus.utils.ExtentReport">
    <ignored/>
  </testcase> <!-- @AfterSuite endReport -->
  <testcase name="@BeforeSuite setExtent" time="0.0" classname="com.redbus.utils.ExtentReport">
    <ignored/>
  </testcase> <!-- @BeforeSuite setExtent -->
  <testcase name="@BeforeSuite setExtent" time="0.0" classname="com.redbus.utils.ExtentReport">
    <ignored/>
  </testcase> <!-- @BeforeSuite setExtent -->
  <testcase name="@BeforeSuite setExtent" time="0.0" classname="com.redbus.utils.ExtentReport">
    <ignored/>
  </testcase> <!-- @BeforeSuite setExtent -->
  <testcase name="@BeforeSuite setExtent" time="0.0" classname="com.redbus.utils.ExtentReport">
    <ignored/>
  </testcase> <!-- @BeforeSuite setExtent -->
  <testcase name="@BeforeSuite setExtent" time="0.0" classname="com.redbus.utils.ExtentReport">
    <ignored/>
  </testcase> <!-- @BeforeSuite setExtent -->
  <testcase name="@BeforeSuite setExtent" time="0.0" classname="com.redbus.utils.ExtentReport">
    <ignored/>
  </testcase> <!-- @BeforeSuite setExtent -->
</testsuite> <!-- Test -->
