<?xml version="1.0" encoding="UTF-8"?>
<testsuite xmlns:xsi="http://www.w3.org/2001/XMLSchema-instance" xsi:noNamespaceSchemaLocation="https://maven.apache.org/surefire/maven-surefire-plugin/xsd/surefire-test-report-3.0.xsd" version="3.0" name="TestSuite" time="345.484" tests="23" errors="0" skipped="0" failures="0">
  <properties>
[...]
</properties>
  <testcase name="offers" classname="com.redbus.tests.BusHireTest" time="12.112">
    <system-out><![CDATA[[TestNGContentHandler] [WARN] It is strongly recommended to add "<!DOCTYPE suite SYSTEM "http://testng.org/testng-1.0.dtd" >" at the top of your file, otherwise TestNG may fail or not work as expected.
07-05-2021 19:43:13 BaseClass.java INFO  [main] base.BaseClass 33 - ---- Docker headless---
07-05-2021 19:43:13 BrowserSetUp.java INFO  [main] base.BrowserSetUp 136 - Browser open Docker in headless mode @- chrome
07-05-2021 19:43:52 BaseClass.java INFO  [main] base.BaseClass 57 - ----------BROWSER OPENED-----------
07-05-2021 19:43:52 BaseClass.java INFO  [main] base.BaseClass 58 - ----------NEW TEST CASE-----------
07-05-2021 19:43:52 BusHireTest.java INFO  [main] tests.BusHireTest 21 - Valid Test: When User check various offers from BusHire Page
07-05-2021 19:43:55 BusHireTest.java INFO  [main] tests.BusHireTest 26 - Bus hire button clicked successfully!!
07-05-2021 19:43:56 CommonAssertions.java INFO  [main] testUtils.CommonAssertions 41 - Assertion Passes,  Actual: Bus Hire: Rent Volvo, AC buses, Mini Buses, Tempo Travellers & Innova Cars - Book Online,Expected: Bus Hire: Rent Volvo, AC buses, Mini Buses, Tempo Travellers & Innova Cars - Book Online
07-05-2021 19:43:57 BusHireTest.java INFO  [main] tests.BusHireTest 41 - Driver is in new offers tab now
07-05-2021 19:43:58 CommonAssertions.java INFO  [main] testUtils.CommonAssertions 52 - Assertion Passes,  Actual: Bus Hire: Rent Volvo, AC buses, Mini Buses, Tempo Travellers & Innova Cars - Book Online,Expected: Bus Hire: Rent Volvo, AC buses, Mini Buses, Tempo Travellers & Innova Cars - Book Online
07-05-2021 19:43:59 BusHireTest.java INFO  [main] tests.BusHireTest 46 - Successfully selects the offer
07-05-2021 19:44:04 BusHireTest.java INFO  [main] tests.BusHireTest 56 - Back to Parent Driver
07-05-2021 19:44:04 CommonAssertions.java INFO  [main] testUtils.CommonAssertions 41 - Assertion Passes,  Actual: Bus Hire: Rent Volvo, AC buses, Mini Buses, Tempo Travellers & Innova Cars - Book Online,Expected: Bus Hire: Rent Volvo, AC buses, Mini Buses, Tempo Travellers & Innova Cars - Book Online
]]></system-out>
    <system-err><![CDATA[Jul 05, 2021 7:43:13 PM org.openqa.selenium.remote.DesiredCapabilities chrome
INFO: Using `new ChromeOptions()` is preferred to `DesiredCapabilities.chrome()`
Jul 05, 2021 7:43:17 PM org.openqa.selenium.remote.ProtocolHandshake createSession
INFO: Detected dialect: W3C
]]></system-err>
  </testcase>
  <testcase name="invalid_searchCheck" classname="com.redbus.tests.SearchTest" time="12.8">
    <system-out><![CDATA[07-05-2021 19:44:04 ExtentReport.java INFO  [main] utils.ExtentReport 50 - Report Generated
07-05-2021 19:44:04 BaseClass.java INFO  [main] base.BaseClass 71 - ----------Browser Closed-----------
07-05-2021 19:44:04 BaseClass.java INFO  [main] base.BaseClass 72 - -----------TEST RUN COMPLETED------------
07-05-2021 19:44:04 BaseClass.java INFO  [main] base.BaseClass 33 - ---- Docker headless---
07-05-2021 19:44:04 BrowserSetUp.java INFO  [main] base.BrowserSetUp 136 - Browser open Docker in headless mode @- chrome
07-05-2021 19:44:10 BaseClass.java INFO  [main] base.BaseClass 57 - ----------BROWSER OPENED-----------
07-05-2021 19:44:10 BaseClass.java INFO  [main] base.BaseClass 58 - ----------NEW TEST CASE-----------
07-05-2021 19:44:10 SearchTest.java INFO  [main] tests.SearchTest 67 - Valid Test: When User enters the valid From Location and Invalid To Location 
07-05-2021 19:44:13 SearchTest.java INFO  [main] tests.SearchTest 73 - Bus Ticket Button clicked successfully!!
07-05-2021 19:44:13 CommonAssertions.java INFO  [main] testUtils.CommonAssertions 63 - Assertion Passes,  Actual: Online Bus Tickets Booking: Book Bus Ticket and Bus Reservation -redBus India,Expected: Online Bus Tickets Booking: Book Bus Ticket and Bus Reservation -redBus India
07-05-2021 19:44:13 SearchTest.java INFO  [main] tests.SearchTest 81 - {=, Execution Required=yes, From=Agra, To=Qwerty, TestCaseName=Invalid Test- Valid From and Invalid To Location, Date=7/30/21}
07-05-2021 19:44:16 SearchTest.java INFO  [main] tests.SearchTest 88 - from location successfully entered!!
07-05-2021 19:44:17 SearchTest.java INFO  [main] tests.SearchTest 92 - To location successfully entered!!
07-05-2021 19:44:18 SearchTest.java INFO  [main] tests.SearchTest 96 - Journey date successfully entered!!
07-05-2021 19:44:18 SearchTest.java INFO  [main] tests.SearchTest 100 - successfully clicked on search buses button!!
07-05-2021 19:44:18 CommonAssertions.java INFO  [main] testUtils.CommonAssertions 63 - Assertion Passes,  Actual: Online Bus Tickets Booking: Book Bus Ticket and Bus Reservation -redBus India,Expected: Online Bus Tickets Booking: Book Bus Ticket and Bus Reservation -redBus India
07-05-2021 19:44:18 SearchTest.java INFO  [main] tests.SearchTest 104 - user is unable to search due to wrong From Location!!
]]></system-out>
    <system-err><![CDATA[Jul 05, 2021 7:44:04 PM org.openqa.selenium.remote.DesiredCapabilities chrome
INFO: Using `new ChromeOptions()` is preferred to `DesiredCapabilities.chrome()`
Jul 05, 2021 7:44:07 PM org.openqa.selenium.remote.ProtocolHandshake createSession
INFO: Detected dialect: W3C
]]></system-err>
  </testcase>
  <testcase name="invalid_searchCheck2" classname="com.redbus.tests.SearchTest" time="8.021">
    <system-out><![CDATA[07-05-2021 19:44:23 ExtentReport.java INFO  [main] utils.ExtentReport 50 - Report Generated
07-05-2021 19:44:23 BaseClass.java INFO  [main] base.BaseClass 71 - ----------Browser Closed-----------
07-05-2021 19:44:23 BaseClass.java INFO  [main] base.BaseClass 72 - -----------TEST RUN COMPLETED------------
07-05-2021 19:44:23 BaseClass.java INFO  [main] base.BaseClass 33 - ---- Docker headless---
07-05-2021 19:44:23 BrowserSetUp.java INFO  [main] base.BrowserSetUp 136 - Browser open Docker in headless mode @- chrome
07-05-2021 19:44:33 BaseClass.java INFO  [main] base.BaseClass 57 - ----------BROWSER OPENED-----------
07-05-2021 19:44:33 BaseClass.java INFO  [main] base.BaseClass 58 - ----------NEW TEST CASE-----------
07-05-2021 19:44:33 SearchTest.java INFO  [main] tests.SearchTest 113 - Valid Test: When User enters the valid From Location and Invalid To Location 
07-05-2021 19:44:35 SearchTest.java INFO  [main] tests.SearchTest 119 - Bus Ticket Button clicked successfully!!
07-05-2021 19:44:36 CommonAssertions.java INFO  [main] testUtils.CommonAssertions 63 - Assertion Passes,  Actual: Online Bus Tickets Booking: Book Bus Ticket and Bus Reservation -redBus India,Expected: Online Bus Tickets Booking: Book Bus Ticket and Bus Reservation -redBus India
07-05-2021 19:44:36 SearchTest.java INFO  [main] tests.SearchTest 127 - {=, Execution Required=yes, From=qwerty123, To=Agra, TestCaseName=Invalid Test- Invalid From and Valid To Location, Date=7/30/21}
07-05-2021 19:44:39 SearchTest.java INFO  [main] tests.SearchTest 134 - from location successfully entered!!
07-05-2021 19:44:40 SearchTest.java INFO  [main] tests.SearchTest 138 - To location successfully entered!!
07-05-2021 19:44:40 SearchTest.java INFO  [main] tests.SearchTest 142 - Journey date successfully entered!!
07-05-2021 19:44:41 SearchTest.java INFO  [main] tests.SearchTest 146 - successfully clicked on search buses button!!
07-05-2021 19:44:41 CommonAssertions.java INFO  [main] testUtils.CommonAssertions 63 - Assertion Passes,  Actual: Online Bus Tickets Booking: Book Bus Ticket and Bus Reservation -redBus India,Expected: Online Bus Tickets Booking: Book Bus Ticket and Bus Reservation -redBus India
07-05-2021 19:44:41 SearchTest.java INFO  [main] tests.SearchTest 150 - user is unable to search due to wrong To Location!!
]]></system-out>
    <system-err><![CDATA[Jul 05, 2021 7:44:23 PM org.openqa.selenium.remote.DesiredCapabilities chrome
INFO: Using `new ChromeOptions()` is preferred to `DesiredCapabilities.chrome()`
Jul 05, 2021 7:44:28 PM org.openqa.selenium.remote.ProtocolHandshake createSession
INFO: Detected dialect: W3C
]]></system-err>
  </testcase>
  <testcase name="modifySearch" classname="com.redbus.tests.SearchTest" time="10.864">
    <system-out><![CDATA[07-05-2021 19:44:41 ExtentReport.java INFO  [main] utils.ExtentReport 50 - Report Generated
07-05-2021 19:44:41 BaseClass.java INFO  [main] base.BaseClass 71 - ----------Browser Closed-----------
07-05-2021 19:44:41 BaseClass.java INFO  [main] base.BaseClass 72 - -----------TEST RUN COMPLETED------------
07-05-2021 19:44:41 BaseClass.java INFO  [main] base.BaseClass 33 - ---- Docker headless---
07-05-2021 19:44:41 BrowserSetUp.java INFO  [main] base.BrowserSetUp 136 - Browser open Docker in headless mode @- chrome
07-05-2021 19:44:48 BaseClass.java INFO  [main] base.BaseClass 57 - ----------BROWSER OPENED-----------
07-05-2021 19:44:48 BaseClass.java INFO  [main] base.BaseClass 58 - ----------NEW TEST CASE-----------
07-05-2021 19:44:48 SearchTest.java INFO  [main] tests.SearchTest 159 - Valid Test: When User wants to modify search buses 
07-05-2021 19:44:51 SearchTest.java INFO  [main] tests.SearchTest 164 - Bus Ticket Button clicked successfully!!
07-05-2021 19:44:51 CommonAssertions.java INFO  [main] testUtils.CommonAssertions 63 - Assertion Passes,  Actual: Online Bus Tickets Booking: Book Bus Ticket and Bus Reservation -redBus India,Expected: Online Bus Tickets Booking: Book Bus Ticket and Bus Reservation -redBus India
07-05-2021 19:44:51 SearchTest.java INFO  [main] tests.SearchTest 172 - {=, Execution Required=yes, From=Noida, To=Ghaziabad, TestCaseName=Valid Test- For Modify Bus route, Date=7/30/21}
07-05-2021 19:44:53 SearchTest.java INFO  [main] tests.SearchTest 179 - from location successfully entered!!
07-05-2021 19:44:55 SearchTest.java INFO  [main] tests.SearchTest 183 - To location successfully entered!!
07-05-2021 19:44:55 SearchTest.java INFO  [main] tests.SearchTest 187 - Journey date successfully entered!!
07-05-2021 19:44:57 SearchTest.java INFO  [main] tests.SearchTest 191 - successfully clicked on search buses button!!
07-05-2021 19:44:57 CommonAssertions.java INFO  [main] testUtils.CommonAssertions 85 - Assertion Passes,  Actual: Search Bus Tickets,Expected: Search Bus Tickets
07-05-2021 19:44:58 SearchTest.java INFO  [main] tests.SearchTest 198 - successfully clicked on modify buses button!!
07-05-2021 19:44:58 SearchTest.java INFO  [main] tests.SearchTest 202 - successfully clicked on switch route button!!
07-05-2021 19:44:58 SearchTest.java INFO  [main] tests.SearchTest 206 - Again successfully clicked on search buses button!!
]]></system-out>
    <system-err><![CDATA[Jul 05, 2021 7:44:41 PM org.openqa.selenium.remote.DesiredCapabilities chrome
INFO: Using `new ChromeOptions()` is preferred to `DesiredCapabilities.chrome()`
Jul 05, 2021 7:44:43 PM org.openqa.selenium.remote.ProtocolHandshake createSession
INFO: Detected dialect: W3C
]]></system-err>
  </testcase>
  <testcase name="valid_search" classname="com.redbus.tests.SearchTest" time="14.377">
    <system-out><![CDATA[07-05-2021 19:44:58 ExtentReport.java INFO  [main] utils.ExtentReport 50 - Report Generated
07-05-2021 19:44:59 BaseClass.java INFO  [main] base.BaseClass 71 - ----------Browser Closed-----------
07-05-2021 19:44:59 BaseClass.java INFO  [main] base.BaseClass 72 - -----------TEST RUN COMPLETED------------
07-05-2021 19:44:59 BaseClass.java INFO  [main] base.BaseClass 33 - ---- Docker headless---
07-05-2021 19:44:59 BrowserSetUp.java INFO  [main] base.BrowserSetUp 136 - Browser open Docker in headless mode @- chrome
07-05-2021 19:45:08 BaseClass.java INFO  [main] base.BaseClass 57 - ----------BROWSER OPENED-----------
07-05-2021 19:45:08 BaseClass.java INFO  [main] base.BaseClass 58 - ----------NEW TEST CASE-----------
07-05-2021 19:45:08 SearchTest.java INFO  [main] tests.SearchTest 24 - Valid Test: When User wants to search buses 
07-05-2021 19:45:11 SearchTest.java INFO  [main] tests.SearchTest 29 - Bus Ticket Button clicked successfully!!
07-05-2021 19:45:12 CommonAssertions.java INFO  [main] testUtils.CommonAssertions 63 - Assertion Passes,  Actual: Online Bus Tickets Booking: Book Bus Ticket and Bus Reservation -redBus India,Expected: Online Bus Tickets Booking: Book Bus Ticket and Bus Reservation -redBus India
07-05-2021 19:45:12 SearchTest.java INFO  [main] tests.SearchTest 37 - {=, Execution Required=yes, From=Delhi, To=Jaipur, TestCaseName=Valid Test- Valid From and Valid To Location, Date=7/30/21}
07-05-2021 19:45:14 SearchTest.java INFO  [main] tests.SearchTest 44 - from location successfully entered!!
07-05-2021 19:45:16 SearchTest.java INFO  [main] tests.SearchTest 48 - To location successfully entered!!
07-05-2021 19:45:16 SearchTest.java INFO  [main] tests.SearchTest 52 - Journey date successfully entered!!
07-05-2021 19:45:17 SearchTest.java INFO  [main] tests.SearchTest 56 - successfully clicked on search buses button!!
07-05-2021 19:45:22 CommonAssertions.java INFO  [main] testUtils.CommonAssertions 85 - Assertion Passes,  Actual: Search Bus Tickets,Expected: Search Bus Tickets
]]></system-out>
    <system-err><![CDATA[Jul 05, 2021 7:44:59 PM org.openqa.selenium.remote.DesiredCapabilities chrome
INFO: Using `new ChromeOptions()` is preferred to `DesiredCapabilities.chrome()`
Jul 05, 2021 7:45:04 PM org.openqa.selenium.remote.ProtocolHandshake createSession
INFO: Detected dialect: W3C
]]></system-err>
  </testcase>
  <testcase name="valid_tofilterSearches" classname="com.redbus.tests.SearchTest" time="11.352">
    <system-out><![CDATA[07-05-2021 19:45:22 ExtentReport.java INFO  [main] utils.ExtentReport 50 - Report Generated
07-05-2021 19:45:23 BaseClass.java INFO  [main] base.BaseClass 71 - ----------Browser Closed-----------
07-05-2021 19:45:23 BaseClass.java INFO  [main] base.BaseClass 72 - -----------TEST RUN COMPLETED------------
07-05-2021 19:45:23 BaseClass.java INFO  [main] base.BaseClass 33 - ---- Docker headless---
07-05-2021 19:45:23 BrowserSetUp.java INFO  [main] base.BrowserSetUp 136 - Browser open Docker in headless mode @- chrome
07-05-2021 19:45:29 BaseClass.java INFO  [main] base.BaseClass 57 - ----------BROWSER OPENED-----------
07-05-2021 19:45:29 BaseClass.java INFO  [main] base.BaseClass 58 - ----------NEW TEST CASE-----------
07-05-2021 19:45:29 SearchTest.java INFO  [main] tests.SearchTest 214 - Valid Test: When User wants to filter the departure time of search bus 
07-05-2021 19:45:32 CommonTestCase.java INFO  [main] testUtils.CommonTestCase 21 - Bus Ticket Button clicked successfully!!
07-05-2021 19:45:32 CommonAssertions.java INFO  [main] testUtils.CommonAssertions 63 - Assertion Passes,  Actual: Online Bus Tickets Booking: Book Bus Ticket and Bus Reservation -redBus India,Expected: Online Bus Tickets Booking: Book Bus Ticket and Bus Reservation -redBus India
07-05-2021 19:45:33 CommonTestCase.java INFO  [main] testUtils.CommonTestCase 29 - {=, Execution Required=yes, From=Delhi, To=Jaipur, TestCaseName=Valid Test- Valid From and Valid To Location, Date=7/30/21}
07-05-2021 19:45:34 CommonTestCase.java INFO  [main] testUtils.CommonTestCase 36 - from location successfully entered!!
07-05-2021 19:45:36 CommonTestCase.java INFO  [main] testUtils.CommonTestCase 40 - To location successfully entered!!
07-05-2021 19:45:36 CommonTestCase.java INFO  [main] testUtils.CommonTestCase 44 - Journey date successfully entered!!
07-05-2021 19:45:39 CommonTestCase.java INFO  [main] testUtils.CommonTestCase 48 - successfully clicked on search buses button!!
07-05-2021 19:45:39 CommonAssertions.java INFO  [main] testUtils.CommonAssertions 85 - Assertion Passes,  Actual: Search Bus Tickets,Expected: Search Bus Tickets
07-05-2021 19:45:40 SearchTest.java INFO  [main] tests.SearchTest 220 - Successfully filter the departure time 
07-05-2021 19:45:40 CommonAssertions.java INFO  [main] testUtils.CommonAssertions 85 - Assertion Passes,  Actual: Search Bus Tickets,Expected: Search Bus Tickets
]]></system-out>
    <system-err><![CDATA[Jul 05, 2021 7:45:23 PM org.openqa.selenium.remote.DesiredCapabilities chrome
INFO: Using `new ChromeOptions()` is preferred to `DesiredCapabilities.chrome()`
Jul 05, 2021 7:45:24 PM org.openqa.selenium.remote.ProtocolHandshake createSession
INFO: Detected dialect: W3C
]]></system-err>
  </testcase>
  <testcase name="valid_toselectSeat" classname="com.redbus.tests.SearchTest" time="12.961">
    <system-out><![CDATA[07-05-2021 19:45:40 ExtentReport.java INFO  [main] utils.ExtentReport 50 - Report Generated
07-05-2021 19:45:40 BaseClass.java INFO  [main] base.BaseClass 71 - ----------Browser Closed-----------
07-05-2021 19:45:40 BaseClass.java INFO  [main] base.BaseClass 72 - -----------TEST RUN COMPLETED------------
07-05-2021 19:45:40 BaseClass.java INFO  [main] base.BaseClass 33 - ---- Docker headless---
07-05-2021 19:45:40 BrowserSetUp.java INFO  [main] base.BrowserSetUp 136 - Browser open Docker in headless mode @- chrome
07-05-2021 19:45:49 BaseClass.java INFO  [main] base.BaseClass 57 - ----------BROWSER OPENED-----------
07-05-2021 19:45:49 BaseClass.java INFO  [main] base.BaseClass 58 - ----------NEW TEST CASE-----------
07-05-2021 19:45:49 SearchTest.java INFO  [main] tests.SearchTest 233 - Valid Test: When User wants to check the availability of seat after searching the Bus
07-05-2021 19:45:52 CommonTestCase.java INFO  [main] testUtils.CommonTestCase 21 - Bus Ticket Button clicked successfully!!
07-05-2021 19:45:52 CommonAssertions.java INFO  [main] testUtils.CommonAssertions 63 - Assertion Passes,  Actual: Online Bus Tickets Booking: Book Bus Ticket and Bus Reservation -redBus India,Expected: Online Bus Tickets Booking: Book Bus Ticket and Bus Reservation -redBus India
07-05-2021 19:45:52 CommonTestCase.java INFO  [main] testUtils.CommonTestCase 29 - {=, Execution Required=yes, From=Delhi, To=Jaipur, TestCaseName=Valid Test- Valid From and Valid To Location, Date=7/30/21}
07-05-2021 19:45:54 CommonTestCase.java INFO  [main] testUtils.CommonTestCase 36 - from location successfully entered!!
07-05-2021 19:45:56 CommonTestCase.java INFO  [main] testUtils.CommonTestCase 40 - To location successfully entered!!
07-05-2021 19:45:56 CommonTestCase.java INFO  [main] testUtils.CommonTestCase 44 - Journey date successfully entered!!
07-05-2021 19:45:59 CommonTestCase.java INFO  [main] testUtils.CommonTestCase 48 - successfully clicked on search buses button!!
07-05-2021 19:45:59 CommonAssertions.java INFO  [main] testUtils.CommonAssertions 85 - Assertion Passes,  Actual: Search Bus Tickets,Expected: Search Bus Tickets
07-05-2021 19:46:00 SearchTest.java INFO  [main] tests.SearchTest 245 - Successfully clicked the view Seats button 
07-05-2021 19:46:02 SearchTest.java INFO  [main] tests.SearchTest 249 - Successfully selects the seat price 
07-05-2021 19:46:02 SearchTest.java INFO  [main] tests.SearchTest 256 - Assertion Passes,  Actual: SEAT LEGEND,Expected: SEAT LEGEND
07-05-2021 19:46:02 CommonAssertions.java INFO  [main] testUtils.CommonAssertions 85 - Assertion Passes,  Actual: Search Bus Tickets,Expected: Search Bus Tickets
]]></system-out>
    <system-err><![CDATA[Jul 05, 2021 7:45:40 PM org.openqa.selenium.remote.DesiredCapabilities chrome
INFO: Using `new ChromeOptions()` is preferred to `DesiredCapabilities.chrome()`
Jul 05, 2021 7:45:45 PM org.openqa.selenium.remote.ProtocolHandshake createSession
INFO: Detected dialect: W3C
]]></system-err>
  </testcase>
  <testcase name="cancelTicket" classname="com.redbus.tests.BusTicketTest" time="4.648">
    <system-out><![CDATA[07-05-2021 19:46:02 ExtentReport.java INFO  [main] utils.ExtentReport 50 - Report Generated
07-05-2021 19:46:02 BaseClass.java INFO  [main] base.BaseClass 71 - ----------Browser Closed-----------
07-05-2021 19:46:02 BaseClass.java INFO  [main] base.BaseClass 72 - -----------TEST RUN COMPLETED------------
07-05-2021 19:46:02 BaseClass.java INFO  [main] base.BaseClass 33 - ---- Docker headless---
07-05-2021 19:46:02 BrowserSetUp.java INFO  [main] base.BrowserSetUp 136 - Browser open Docker in headless mode @- chrome
07-05-2021 19:46:09 BaseClass.java INFO  [main] base.BaseClass 57 - ----------BROWSER OPENED-----------
07-05-2021 19:46:09 BaseClass.java INFO  [main] base.BaseClass 58 - ----------NEW TEST CASE-----------
07-05-2021 19:46:10 BusTicketTest.java INFO  [main] tests.BusTicketTest 32 - Valid Test: When User click on Cancel Ticket 
07-05-2021 19:46:13 BusTicketTest.java INFO  [main] tests.BusTicketTest 37 - Bus Ticket Button clicked successfully!!
07-05-2021 19:46:13 BusTicketTest.java INFO  [main] tests.BusTicketTest 44 - Assertion Passes,  Actual: Online Bus Tickets Booking: Book Bus Ticket and Bus Reservation -redBus India,Expected: Online Bus Tickets Booking: Book Bus Ticket and Bus Reservation -redBus India
07-05-2021 19:46:14 BusTicketTest.java INFO  [main] tests.BusTicketTest 47 - Cancel Ticket Button clicked successfully!!
07-05-2021 19:46:14 BusTicketTest.java INFO  [main] tests.BusTicketTest 54 - Assertion Passes,  Actual: Cancel Ticket - redBus,Expected: Cancel Ticket - redBus
]]></system-out>
    <system-err><![CDATA[Jul 05, 2021 7:46:02 PM org.openqa.selenium.remote.DesiredCapabilities chrome
INFO: Using `new ChromeOptions()` is preferred to `DesiredCapabilities.chrome()`
Jul 05, 2021 7:46:05 PM org.openqa.selenium.remote.ProtocolHandshake createSession
INFO: Detected dialect: W3C
]]></system-err>
  </testcase>
  <testcase name="printSmsTicket" classname="com.redbus.tests.BusTicketTest" time="4.741">
    <system-out><![CDATA[07-05-2021 19:46:14 ExtentReport.java INFO  [main] utils.ExtentReport 50 - Report Generated
07-05-2021 19:46:14 BaseClass.java INFO  [main] base.BaseClass 71 - ----------Browser Closed-----------
07-05-2021 19:46:14 BaseClass.java INFO  [main] base.BaseClass 72 - -----------TEST RUN COMPLETED------------
07-05-2021 19:46:14 BaseClass.java INFO  [main] base.BaseClass 33 - ---- Docker headless---
07-05-2021 19:46:14 BrowserSetUp.java INFO  [main] base.BrowserSetUp 136 - Browser open Docker in headless mode @- chrome
07-05-2021 19:46:20 BaseClass.java INFO  [main] base.BaseClass 57 - ----------BROWSER OPENED-----------
07-05-2021 19:46:20 BaseClass.java INFO  [main] base.BaseClass 58 - ----------NEW TEST CASE-----------
07-05-2021 19:46:20 BusTicketTest.java INFO  [main] tests.BusTicketTest 60 - Valid Test: When User click on Print/SMS Ticket 
07-05-2021 19:46:23 BusTicketTest.java INFO  [main] tests.BusTicketTest 65 - Bus Ticket Button clicked successfully!!
07-05-2021 19:46:23 BusTicketTest.java INFO  [main] tests.BusTicketTest 72 - Assertion Passes,  Actual: Online Bus Tickets Booking: Book Bus Ticket and Bus Reservation -redBus India,Expected: Online Bus Tickets Booking: Book Bus Ticket and Bus Reservation -redBus India
07-05-2021 19:46:24 BusTicketTest.java INFO  [main] tests.BusTicketTest 75 - Print/SMS Ticket Button clicked successfully!!
07-05-2021 19:46:24 BusTicketTest.java INFO  [main] tests.BusTicketTest 82 - Assertion Passes,  Actual: PRINT TICKET,Expected: PRINT TICKET
]]></system-out>
    <system-err><![CDATA[Jul 05, 2021 7:46:14 PM org.openqa.selenium.remote.DesiredCapabilities chrome
INFO: Using `new ChromeOptions()` is preferred to `DesiredCapabilities.chrome()`
Jul 05, 2021 7:46:15 PM org.openqa.selenium.remote.ProtocolHandshake createSession
INFO: Detected dialect: W3C
]]></system-err>
  </testcase>
  <testcase name="invalid_todownloadappViaLink" classname="com.redbus.tests.HomePageTest" time="1.008">
    <system-out><![CDATA[07-05-2021 19:46:24 ExtentReport.java INFO  [main] utils.ExtentReport 50 - Report Generated
07-05-2021 19:46:24 BaseClass.java INFO  [main] base.BaseClass 71 - ----------Browser Closed-----------
07-05-2021 19:46:24 BaseClass.java INFO  [main] base.BaseClass 72 - -----------TEST RUN COMPLETED------------
07-05-2021 19:46:24 BaseClass.java INFO  [main] base.BaseClass 33 - ---- Docker headless---
07-05-2021 19:46:24 BrowserSetUp.java INFO  [main] base.BrowserSetUp 136 - Browser open Docker in headless mode @- chrome
07-05-2021 19:46:30 BaseClass.java INFO  [main] base.BaseClass 57 - ----------BROWSER OPENED-----------
07-05-2021 19:46:30 BaseClass.java INFO  [main] base.BaseClass 58 - ----------NEW TEST CASE-----------
07-05-2021 19:46:30 HomePageTest.java INFO  [main] tests.HomePageTest 148 - Invalid Test: When User wants to download the redbus app by sending the link msg on wrong phone number 
07-05-2021 19:46:30 HomePageTest.java INFO  [main] tests.HomePageTest 159 - {=, Execution Required=yes, Amount=, TestCaseName=Invalid Scenario -User send the download link on phone by entering wrong number, Phone Number=9.8979898E7}
07-05-2021 19:46:30 HomePageTest.java INFO  [main] tests.HomePageTest 168 - 9.8979898E7entered
07-05-2021 19:46:30 HomePageTest.java INFO  [main] tests.HomePageTest 173 - successfully clicked on send link button!!
07-05-2021 19:46:31 HomePageTest.java INFO  [main] tests.HomePageTest 180 - Assertion Passes,  Actual: Invalid Mobile No,Expected: Invalid Mobile No
]]></system-out>
    <system-err><![CDATA[Jul 05, 2021 7:46:24 PM org.openqa.selenium.remote.DesiredCapabilities chrome
INFO: Using `new ChromeOptions()` is preferred to `DesiredCapabilities.chrome()`
Jul 05, 2021 7:46:26 PM org.openqa.selenium.remote.ProtocolHandshake createSession
INFO: Detected dialect: W3C
]]></system-err>
  </testcase>
  <testcase name="invalid_todownloadappViaLink1" classname="com.redbus.tests.HomePageTest" time="0.544">
    <system-out><![CDATA[07-05-2021 19:46:31 ExtentReport.java INFO  [main] utils.ExtentReport 50 - Report Generated
07-05-2021 19:46:31 BaseClass.java INFO  [main] base.BaseClass 71 - ----------Browser Closed-----------
07-05-2021 19:46:31 BaseClass.java INFO  [main] base.BaseClass 72 - -----------TEST RUN COMPLETED------------
07-05-2021 19:46:31 BaseClass.java INFO  [main] base.BaseClass 33 - ---- Docker headless---
07-05-2021 19:46:31 BrowserSetUp.java INFO  [main] base.BrowserSetUp 136 - Browser open Docker in headless mode @- chrome
07-05-2021 19:46:40 BaseClass.java INFO  [main] base.BaseClass 57 - ----------BROWSER OPENED-----------
07-05-2021 19:46:40 BaseClass.java INFO  [main] base.BaseClass 58 - ----------NEW TEST CASE-----------
07-05-2021 19:46:40 HomePageTest.java INFO  [main] tests.HomePageTest 191 - Invalid Test: When User wants to download the redbus app by sending the link msg on phone without providing phone no. 
07-05-2021 19:46:40 HomePageTest.java INFO  [main] tests.HomePageTest 202 - successfully clicked on send link button!!
07-05-2021 19:46:41 HomePageTest.java INFO  [main] tests.HomePageTest 209 - Assertion Passes,  Actual: Enter the mobile number,Expected: Enter the mobile number
]]></system-out>
    <system-err><![CDATA[Jul 05, 2021 7:46:31 PM org.openqa.selenium.remote.DesiredCapabilities chrome
INFO: Using `new ChromeOptions()` is preferred to `DesiredCapabilities.chrome()`
Jul 05, 2021 7:46:36 PM org.openqa.selenium.remote.ProtocolHandshake createSession
INFO: Detected dialect: W3C
]]></system-err>
  </testcase>
  <testcase name="rbuscares_donateanonymously" classname="com.redbus.tests.HomePageTest" time="3.552">
    <system-out><![CDATA[07-05-2021 19:46:41 ExtentReport.java INFO  [main] utils.ExtentReport 50 - Report Generated
07-05-2021 19:46:41 BaseClass.java INFO  [main] base.BaseClass 71 - ----------Browser Closed-----------
07-05-2021 19:46:41 BaseClass.java INFO  [main] base.BaseClass 72 - -----------TEST RUN COMPLETED------------
07-05-2021 19:46:41 BaseClass.java INFO  [main] base.BaseClass 33 - ---- Docker headless---
07-05-2021 19:46:41 BrowserSetUp.java INFO  [main] base.BrowserSetUp 136 - Browser open Docker in headless mode @- chrome
07-05-2021 19:46:43 BaseClass.java INFO  [main] base.BaseClass 57 - ----------BROWSER OPENED-----------
07-05-2021 19:46:43 BaseClass.java INFO  [main] base.BaseClass 58 - ----------NEW TEST CASE-----------
07-05-2021 19:46:43 HomePageTest.java INFO  [main] tests.HomePageTest 29 - Valid Test: When User navigates to rbuscare page to donation 
07-05-2021 19:46:44 HomePageTest.java INFO  [main] tests.HomePageTest 34 - RBus Care clicked successfully!!
07-05-2021 19:46:44 HomePageTest.java INFO  [main] tests.HomePageTest 42 - Driver is in new tab now
07-05-2021 19:46:46 CommonAssertions.java INFO  [main] testUtils.CommonAssertions 30 - Assertion Passes,  Actual: redBus Cares - Supporting Bus drivers and helpers,Expected: redBus Cares - Supporting Bus drivers and helpers
07-05-2021 19:46:46 HomePageTest.java INFO  [main] tests.HomePageTest 49 - Successfully selects the amount of donation!!
07-05-2021 19:46:46 HomePageTest.java INFO  [main] tests.HomePageTest 53 - Successfully selects the mode of donation!!
07-05-2021 19:46:47 HomePageTest.java INFO  [main] tests.HomePageTest 57 - Successfully clicks the donate button!!
07-05-2021 19:46:47 HomePageTest.java INFO  [main] tests.HomePageTest 64 - Assertion Passes,  Actual: Select a payment option,Expected: Select a payment option
07-05-2021 19:46:47 HomePageTest.java INFO  [main] tests.HomePageTest 73 - Back to Parent Driver
07-05-2021 19:46:47 CommonAssertions.java INFO  [main] testUtils.CommonAssertions 19 - Assertion Passes,  Actual: Book Bus Travels, AC Volvo Bus, rPool & Bus Hire - redBus India,Expected: Book Bus Travels, AC Volvo Bus, rPool & Bus Hire - redBus India
07-05-2021 19:46:47 HomePageTest.java INFO  [main] tests.HomePageTest 77 - User Comes back to old tab
]]></system-out>
    <system-err><![CDATA[Jul 05, 2021 7:46:41 PM org.openqa.selenium.remote.DesiredCapabilities chrome
INFO: Using `new ChromeOptions()` is preferred to `DesiredCapabilities.chrome()`
Jul 05, 2021 7:46:41 PM org.openqa.selenium.remote.ProtocolHandshake createSession
INFO: Detected dialect: W3C
]]></system-err>
  </testcase>
  <testcase name="rbuscares_navigatePaymentGateway" classname="com.redbus.tests.HomePageTest" time="11.42">
    <system-out><![CDATA[07-05-2021 19:46:47 ExtentReport.java INFO  [main] utils.ExtentReport 50 - Report Generated
07-05-2021 19:46:47 BaseClass.java INFO  [main] base.BaseClass 71 - ----------Browser Closed-----------
07-05-2021 19:46:47 BaseClass.java INFO  [main] base.BaseClass 72 - -----------TEST RUN COMPLETED------------
07-05-2021 19:46:47 BaseClass.java INFO  [main] base.BaseClass 33 - ---- Docker headless---
07-05-2021 19:46:47 BrowserSetUp.java INFO  [main] base.BrowserSetUp 136 - Browser open Docker in headless mode @- chrome
07-05-2021 19:46:56 BaseClass.java INFO  [main] base.BaseClass 57 - ----------BROWSER OPENED-----------
07-05-2021 19:46:56 BaseClass.java INFO  [main] base.BaseClass 58 - ----------NEW TEST CASE-----------
07-05-2021 19:46:56 HomePageTest.java INFO  [main] tests.HomePageTest 220 - Valid Test: When User navigates to Payment Gateway for donation 
07-05-2021 19:46:56 HomePageTest.java INFO  [main] tests.HomePageTest 228 - {=, Execution Required=yes, Amount=700.0, TestCaseName=To enter the amount for donation, Phone Number=}
07-05-2021 19:46:56 HomePageTest.java INFO  [main] tests.HomePageTest 234 - RBus Care clicked successfully!!
07-05-2021 19:46:56 HomePageTest.java INFO  [main] tests.HomePageTest 242 - Driver is in new tab now
07-05-2021 19:46:57 CommonAssertions.java INFO  [main] testUtils.CommonAssertions 30 - Assertion Passes,  Actual: redBus Cares - Supporting Bus drivers and helpers,Expected: redBus Cares - Supporting Bus drivers and helpers
07-05-2021 19:46:58 HomePageTest.java INFO  [main] tests.HomePageTest 249 - Successfully enters the amount of donation!!
07-05-2021 19:46:58 HomePageTest.java INFO  [main] tests.HomePageTest 253 - Successfully selects the mode of donation!!
07-05-2021 19:46:59 HomePageTest.java INFO  [main] tests.HomePageTest 257 - Successfully clicks the donate button!!
07-05-2021 19:46:59 HomePageTest.java INFO  [main] tests.HomePageTest 264 - Assertion Passes,  Actual: Select a payment option,Expected: Select a payment option
07-05-2021 19:46:59 HomePageTest.java INFO  [main] tests.HomePageTest 269 - User successfully navigated to payment gateway
07-05-2021 19:46:59 HomePageTest.java INFO  [main] tests.HomePageTest 273 - User successfully selects the bank
07-05-2021 19:47:00 HomePageTest.java INFO  [main] tests.HomePageTest 280 - User successfully click the Pay now button
07-05-2021 19:47:07 CommonAssertions.java INFO  [main] testUtils.CommonAssertions 108 - Assertion Passes,  Actual: Log in to Internet Banking,Expected: Log in to Internet Banking
07-05-2021 19:47:07 HomePageTest.java INFO  [main] tests.HomePageTest 289 - Back to Parent Driver
07-05-2021 19:47:07 CommonAssertions.java INFO  [main] testUtils.CommonAssertions 19 - Assertion Passes,  Actual: Book Bus Travels, AC Volvo Bus, rPool & Bus Hire - redBus India,Expected: Book Bus Travels, AC Volvo Bus, rPool & Bus Hire - redBus India
07-05-2021 19:47:07 HomePageTest.java INFO  [main] tests.HomePageTest 293 - User Comes back to old tab
]]></system-out>
    <system-err><![CDATA[Jul 05, 2021 7:46:47 PM org.openqa.selenium.remote.DesiredCapabilities chrome
INFO: Using `new ChromeOptions()` is preferred to `DesiredCapabilities.chrome()`
Jul 05, 2021 7:46:51 PM org.openqa.selenium.remote.ProtocolHandshake createSession
INFO: Detected dialect: W3C
]]></system-err>
  </testcase>
  <testcase name="rbuscares_toDonateCustomAmount" classname="com.redbus.tests.HomePageTest" time="3.337">
    <system-out><![CDATA[07-05-2021 19:47:07 ExtentReport.java INFO  [main] utils.ExtentReport 50 - Report Generated
07-05-2021 19:47:07 BaseClass.java INFO  [main] base.BaseClass 71 - ----------Browser Closed-----------
07-05-2021 19:47:07 BaseClass.java INFO  [main] base.BaseClass 72 - -----------TEST RUN COMPLETED------------
07-05-2021 19:47:07 BaseClass.java INFO  [main] base.BaseClass 33 - ---- Docker headless---
07-05-2021 19:47:07 BrowserSetUp.java INFO  [main] base.BrowserSetUp 136 - Browser open Docker in headless mode @- chrome
07-05-2021 19:47:16 BaseClass.java INFO  [main] base.BaseClass 57 - ----------BROWSER OPENED-----------
07-05-2021 19:47:16 BaseClass.java INFO  [main] base.BaseClass 58 - ----------NEW TEST CASE-----------
07-05-2021 19:47:16 HomePageTest.java INFO  [main] tests.HomePageTest 83 - Valid Test: When User navigates to rbuscare page to for Custom donation 
07-05-2021 19:47:16 HomePageTest.java INFO  [main] tests.HomePageTest 91 - {=, Execution Required=yes, Amount=700.0, TestCaseName=To enter the amount for donation, Phone Number=}
07-05-2021 19:47:16 HomePageTest.java INFO  [main] tests.HomePageTest 97 - RBus Care clicked successfully!!
07-05-2021 19:47:16 HomePageTest.java INFO  [main] tests.HomePageTest 105 - Driver is in new tab now
07-05-2021 19:47:18 CommonAssertions.java INFO  [main] testUtils.CommonAssertions 30 - Assertion Passes,  Actual: redBus Cares - Supporting Bus drivers and helpers,Expected: redBus Cares - Supporting Bus drivers and helpers
07-05-2021 19:47:18 HomePageTest.java INFO  [main] tests.HomePageTest 112 - Successfully enters the amount of donation!!
07-05-2021 19:47:19 HomePageTest.java INFO  [main] tests.HomePageTest 116 - Successfully selects the mode of donation!!
07-05-2021 19:47:19 HomePageTest.java INFO  [main] tests.HomePageTest 120 - Successfully clicks the donate button!!
07-05-2021 19:47:19 HomePageTest.java INFO  [main] tests.HomePageTest 123 - User successfully navigated to payment gateway
07-05-2021 19:47:19 HomePageTest.java INFO  [main] tests.HomePageTest 129 - Assertion Passes,  Actual: Select a payment option,Expected: Select a payment option
07-05-2021 19:47:19 HomePageTest.java INFO  [main] tests.HomePageTest 138 - Back to Parent Driver
07-05-2021 19:47:19 CommonAssertions.java INFO  [main] testUtils.CommonAssertions 19 - Assertion Passes,  Actual: Book Bus Travels, AC Volvo Bus, rPool & Bus Hire - redBus India,Expected: Book Bus Travels, AC Volvo Bus, rPool & Bus Hire - redBus India
07-05-2021 19:47:19 HomePageTest.java INFO  [main] tests.HomePageTest 142 - User Comes back to old tab
]]></system-out>
    <system-err><![CDATA[Jul 05, 2021 7:47:07 PM org.openqa.selenium.remote.DesiredCapabilities chrome
INFO: Using `new ChromeOptions()` is preferred to `DesiredCapabilities.chrome()`
Jul 05, 2021 7:47:12 PM org.openqa.selenium.remote.ProtocolHandshake createSession
INFO: Detected dialect: W3C
]]></system-err>
  </testcase>
  <testcase name="invalid_login_PhoneNumber" classname="com.redbus.tests.LoginTest" time="2.975">
    <system-out><![CDATA[07-05-2021 19:47:19 ExtentReport.java INFO  [main] utils.ExtentReport 50 - Report Generated
07-05-2021 19:47:19 BaseClass.java INFO  [main] base.BaseClass 71 - ----------Browser Closed-----------
07-05-2021 19:47:19 BaseClass.java INFO  [main] base.BaseClass 72 - -----------TEST RUN COMPLETED------------
07-05-2021 19:47:19 BaseClass.java INFO  [main] base.BaseClass 33 - ---- Docker headless---
07-05-2021 19:47:19 BrowserSetUp.java INFO  [main] base.BrowserSetUp 136 - Browser open Docker in headless mode @- chrome
07-05-2021 19:47:25 BaseClass.java INFO  [main] base.BaseClass 57 - ----------BROWSER OPENED-----------
07-05-2021 19:47:25 BaseClass.java INFO  [main] base.BaseClass 58 - ----------NEW TEST CASE-----------
07-05-2021 19:47:25 LoginTest.java INFO  [main] tests.LoginTest 36 - Valid Test: When User login by entering the wrong phonenumber
07-05-2021 19:47:25 LoginTest.java INFO  [main] tests.LoginTest 44 - Login Icon Clicked sucessfully!!
07-05-2021 19:47:26 LoginTest.java INFO  [main] tests.LoginTest 49 - SignIn Clicked sucessfully!!
07-05-2021 19:47:27 LoginTest.java INFO  [main] tests.LoginTest 57 - {=, Execution Required=yes, TestCaseName=Invalid Scenario- Wrong phone number, Phone Number=9898.0, UserEmail=, Password=}
07-05-2021 19:47:28 LoginTest.java INFO  [main] tests.LoginTest 65 - Error msg occured
07-05-2021 19:47:28 LoginTest.java INFO  [main] tests.LoginTest 70 - Assertion Passes,  Actual: Please enter valid mobile number,Expected: Please enter valid mobile number
]]></system-out>
    <system-err><![CDATA[Jul 05, 2021 7:47:19 PM org.openqa.selenium.remote.DesiredCapabilities chrome
INFO: Using `new ChromeOptions()` is preferred to `DesiredCapabilities.chrome()`
Jul 05, 2021 7:47:22 PM org.openqa.selenium.remote.ProtocolHandshake createSession
INFO: Detected dialect: W3C
]]></system-err>
  </testcase>
  <testcase name="invalid_togetETicket" classname="com.redbus.tests.TicketDetailsTest" time="4.255">
    <system-out><![CDATA[07-05-2021 19:47:28 ExtentReport.java INFO  [main] utils.ExtentReport 50 - Report Generated
07-05-2021 19:47:28 BaseClass.java INFO  [main] base.BaseClass 71 - ----------Browser Closed-----------
07-05-2021 19:47:28 BaseClass.java INFO  [main] base.BaseClass 72 - -----------TEST RUN COMPLETED------------
07-05-2021 19:47:28 BaseClass.java INFO  [main] base.BaseClass 33 - ---- Docker headless---
07-05-2021 19:47:28 BrowserSetUp.java INFO  [main] base.BrowserSetUp 136 - Browser open Docker in headless mode @- chrome
07-05-2021 19:47:36 BaseClass.java INFO  [main] base.BaseClass 57 - ----------BROWSER OPENED-----------
07-05-2021 19:47:36 BaseClass.java INFO  [main] base.BaseClass 58 - ----------NEW TEST CASE-----------
07-05-2021 19:47:36 TicketDetailsTest.java INFO  [main] tests.TicketDetailsTest 74 - Invalid Test: To get the E-ticket by entering valid Ticket number and invalid email 
07-05-2021 19:47:36 TicketDetailsTest.java INFO  [main] tests.TicketDetailsTest 81 - {=, Execution Required=yes, Ticket Number=TQ5F93767774, TestCaseName=Invalid Scenario- Valid Ticket Number And invalid email, Email Used For Booking=samiksha@gmail.com}
07-05-2021 19:47:36 TicketDetailsTest.java INFO  [main] tests.TicketDetailsTest 89 - Successfully clicked on Manage Booking Button.
07-05-2021 19:47:38 TicketDetailsTest.java INFO  [main] tests.TicketDetailsTest 93 - Successfully clicked on Show My Ticket Option.
07-05-2021 19:47:38 TicketDetailsTest.java INFO  [main] tests.TicketDetailsTest 100 - Assertion Passes,  Actual: PRINT TICKET,Expected: PRINT TICKET
07-05-2021 19:47:38 TicketDetailsTest.java INFO  [main] tests.TicketDetailsTest 104 - Ticket Number entered is- TQ5F93767774
07-05-2021 19:47:39 TicketDetailsTest.java INFO  [main] tests.TicketDetailsTest 108 - Email used for booking is- samiksha@gmail.com
07-05-2021 19:47:40 TicketDetailsTest.java INFO  [main] tests.TicketDetailsTest 112 - Successfully clicked on Search Ticket Button.
07-05-2021 19:47:40 TicketDetailsTest.java INFO  [main] tests.TicketDetailsTest 119 - Assertion Passes,  Actual: Oops. Looks like you used the incorrect Email ID. Please enter the Email ID which was used during ticket booking,Expected: Oops. Looks like you used the incorrect Email ID. Please enter the Email ID which was used during ticket booking
]]></system-out>
    <system-err><![CDATA[Jul 05, 2021 7:47:28 PM org.openqa.selenium.remote.DesiredCapabilities chrome
INFO: Using `new ChromeOptions()` is preferred to `DesiredCapabilities.chrome()`
Jul 05, 2021 7:47:32 PM org.openqa.selenium.remote.ProtocolHandshake createSession
INFO: Detected dialect: W3C
]]></system-err>
  </testcase>
  <testcase name="invalid_togetETicket1" classname="com.redbus.tests.TicketDetailsTest" time="4.12">
    <system-out><![CDATA[07-05-2021 19:47:40 ExtentReport.java INFO  [main] utils.ExtentReport 50 - Report Generated
07-05-2021 19:47:40 BaseClass.java INFO  [main] base.BaseClass 71 - ----------Browser Closed-----------
07-05-2021 19:47:40 BaseClass.java INFO  [main] base.BaseClass 72 - -----------TEST RUN COMPLETED------------
07-05-2021 19:47:40 BaseClass.java INFO  [main] base.BaseClass 33 - ---- Docker headless---
07-05-2021 19:47:40 BrowserSetUp.java INFO  [main] base.BrowserSetUp 136 - Browser open Docker in headless mode @- chrome
07-05-2021 19:47:46 BaseClass.java INFO  [main] base.BaseClass 57 - ----------BROWSER OPENED-----------
07-05-2021 19:47:46 BaseClass.java INFO  [main] base.BaseClass 58 - ----------NEW TEST CASE-----------
07-05-2021 19:47:46 TicketDetailsTest.java INFO  [main] tests.TicketDetailsTest 128 - Invalid Test: To get the E-ticket by entering valid Ticket number and invalid email 
07-05-2021 19:47:46 TicketDetailsTest.java INFO  [main] tests.TicketDetailsTest 135 - {=, Execution Required=yes, Ticket Number=P98987654, TestCaseName=Invalid Scenario- invalid Ticket Number And valid email, Email Used For Booking=aa15pandey@gmail.com}
07-05-2021 19:47:47 TicketDetailsTest.java INFO  [main] tests.TicketDetailsTest 143 - Successfully clicked on Manage Booking Button.
07-05-2021 19:47:48 TicketDetailsTest.java INFO  [main] tests.TicketDetailsTest 147 - Successfully clicked on Show My Ticket Option.
07-05-2021 19:47:48 TicketDetailsTest.java INFO  [main] tests.TicketDetailsTest 154 - Assertion Passes,  Actual: PRINT TICKET,Expected: PRINT TICKET
07-05-2021 19:47:48 TicketDetailsTest.java INFO  [main] tests.TicketDetailsTest 158 - Ticket Number entered is- P98987654
07-05-2021 19:47:49 TicketDetailsTest.java INFO  [main] tests.TicketDetailsTest 162 - Email used for booking is- aa15pandey@gmail.com
07-05-2021 19:47:50 TicketDetailsTest.java INFO  [main] tests.TicketDetailsTest 166 - Successfully clicked on Search Ticket Button.
07-05-2021 19:47:50 TicketDetailsTest.java INFO  [main] tests.TicketDetailsTest 173 - Assertion Passes,  Actual: Something went wrong, please try again later!,Expected: Something went wrong, please try again later!
]]></system-out>
    <system-err><![CDATA[Jul 05, 2021 7:47:40 PM org.openqa.selenium.remote.DesiredCapabilities chrome
INFO: Using `new ChromeOptions()` is preferred to `DesiredCapabilities.chrome()`
Jul 05, 2021 7:47:43 PM org.openqa.selenium.remote.ProtocolHandshake createSession
INFO: Detected dialect: W3C
]]></system-err>
  </testcase>
  <testcase name="invalid_togetETicket2" classname="com.redbus.tests.TicketDetailsTest" time="3.475">
    <system-out><![CDATA[07-05-2021 19:47:50 ExtentReport.java INFO  [main] utils.ExtentReport 50 - Report Generated
07-05-2021 19:47:50 BaseClass.java INFO  [main] base.BaseClass 71 - ----------Browser Closed-----------
07-05-2021 19:47:50 BaseClass.java INFO  [main] base.BaseClass 72 - -----------TEST RUN COMPLETED------------
07-05-2021 19:47:50 BaseClass.java INFO  [main] base.BaseClass 33 - ---- Docker headless---
07-05-2021 19:47:50 BrowserSetUp.java INFO  [main] base.BrowserSetUp 136 - Browser open Docker in headless mode @- chrome
07-05-2021 19:47:58 BaseClass.java INFO  [main] base.BaseClass 57 - ----------BROWSER OPENED-----------
07-05-2021 19:47:58 BaseClass.java INFO  [main] base.BaseClass 58 - ----------NEW TEST CASE-----------
07-05-2021 19:47:58 TicketDetailsTest.java INFO  [main] tests.TicketDetailsTest 182 - Invalid Test: To get the E-ticket by entering invalid Ticket number and invalid email 
07-05-2021 19:47:58 TicketDetailsTest.java INFO  [main] tests.TicketDetailsTest 189 - {=, Execution Required=yes, Ticket Number=P98987654, TestCaseName=Invalid Scenario- invalid Ticket Number And invalid email, Email Used For Booking=samiksha@gmail.com}
07-05-2021 19:47:58 TicketDetailsTest.java INFO  [main] tests.TicketDetailsTest 197 - Successfully clicked on Manage Booking Button.
07-05-2021 19:47:59 TicketDetailsTest.java INFO  [main] tests.TicketDetailsTest 201 - Successfully clicked on Show My Ticket Option.
07-05-2021 19:47:59 TicketDetailsTest.java INFO  [main] tests.TicketDetailsTest 208 - Assertion Passes,  Actual: PRINT TICKET,Expected: PRINT TICKET
07-05-2021 19:47:59 TicketDetailsTest.java INFO  [main] tests.TicketDetailsTest 212 - Ticket Number entered is- P98987654
07-05-2021 19:48:00 TicketDetailsTest.java INFO  [main] tests.TicketDetailsTest 216 - Email used for booking is- samiksha@gmail.com
07-05-2021 19:48:01 TicketDetailsTest.java INFO  [main] tests.TicketDetailsTest 220 - Successfully clicked on Search Ticket Button.
07-05-2021 19:48:01 TicketDetailsTest.java INFO  [main] tests.TicketDetailsTest 227 - Assertion Passes,  Actual: Something went wrong, please try again later!,Expected: Something went wrong, please try again later!
]]></system-out>
    <system-err><![CDATA[Jul 05, 2021 7:47:50 PM org.openqa.selenium.remote.DesiredCapabilities chrome
INFO: Using `new ChromeOptions()` is preferred to `DesiredCapabilities.chrome()`
Jul 05, 2021 7:47:53 PM org.openqa.selenium.remote.ProtocolHandshake createSession
INFO: Detected dialect: W3C
]]></system-err>
  </testcase>
  <testcase name="valid_togetETicket" classname="com.redbus.tests.TicketDetailsTest" time="3.683">
    <system-out><![CDATA[07-05-2021 19:48:01 ExtentReport.java INFO  [main] utils.ExtentReport 50 - Report Generated
07-05-2021 19:48:01 BaseClass.java INFO  [main] base.BaseClass 71 - ----------Browser Closed-----------
07-05-2021 19:48:01 BaseClass.java INFO  [main] base.BaseClass 72 - -----------TEST RUN COMPLETED------------
07-05-2021 19:48:01 BaseClass.java INFO  [main] base.BaseClass 33 - ---- Docker headless---
07-05-2021 19:48:01 BrowserSetUp.java INFO  [main] base.BrowserSetUp 136 - Browser open Docker in headless mode @- chrome
07-05-2021 19:48:07 BaseClass.java INFO  [main] base.BaseClass 57 - ----------BROWSER OPENED-----------
07-05-2021 19:48:07 BaseClass.java INFO  [main] base.BaseClass 58 - ----------NEW TEST CASE-----------
07-05-2021 19:48:07 TicketDetailsTest.java INFO  [main] tests.TicketDetailsTest 21 - Valid Test: When User wants to get the eTicket of booked journey 
07-05-2021 19:48:07 TicketDetailsTest.java INFO  [main] tests.TicketDetailsTest 28 - {=, Execution Required=yes, Ticket Number=TQ5F93767774, TestCaseName=Valid Scenario- valid ticket number and email, Email Used For Booking=aa15pandey@gmail.com}
07-05-2021 19:48:07 TicketDetailsTest.java INFO  [main] tests.TicketDetailsTest 36 - Successfully clicked on Manage Booking Button.
07-05-2021 19:48:08 TicketDetailsTest.java INFO  [main] tests.TicketDetailsTest 40 - Successfully clicked on Show My Ticket Option.
07-05-2021 19:48:09 TicketDetailsTest.java INFO  [main] tests.TicketDetailsTest 47 - Assertion Passes,  Actual: PRINT TICKET,Expected: PRINT TICKET
07-05-2021 19:48:09 TicketDetailsTest.java INFO  [main] tests.TicketDetailsTest 51 - Ticket Number entered is- TQ5F93767774
07-05-2021 19:48:09 TicketDetailsTest.java INFO  [main] tests.TicketDetailsTest 55 - Email used for booking is- aa15pandey@gmail.com
07-05-2021 19:48:11 TicketDetailsTest.java INFO  [main] tests.TicketDetailsTest 59 - Successfully clicked on Search Ticket Button.
07-05-2021 19:48:11 TicketDetailsTest.java INFO  [main] tests.TicketDetailsTest 66 - Assertion Passes,  Actual: eTICKET,Expected: eTICKET
]]></system-out>
    <system-err><![CDATA[Jul 05, 2021 7:48:01 PM org.openqa.selenium.remote.DesiredCapabilities chrome
INFO: Using `new ChromeOptions()` is preferred to `DesiredCapabilities.chrome()`
Jul 05, 2021 7:48:03 PM org.openqa.selenium.remote.ProtocolHandshake createSession
INFO: Detected dialect: W3C
]]></system-err>
  </testcase>
  <testcase name="busHire" classname="com.redbus.tests.NavBarTest" time="3.169">
    <system-out><![CDATA[07-05-2021 19:48:11 ExtentReport.java INFO  [main] utils.ExtentReport 50 - Report Generated
07-05-2021 19:48:11 BaseClass.java INFO  [main] base.BaseClass 71 - ----------Browser Closed-----------
07-05-2021 19:48:11 BaseClass.java INFO  [main] base.BaseClass 72 - -----------TEST RUN COMPLETED------------
07-05-2021 19:48:11 BaseClass.java INFO  [main] base.BaseClass 33 - ---- Docker headless---
07-05-2021 19:48:11 BrowserSetUp.java INFO  [main] base.BrowserSetUp 136 - Browser open Docker in headless mode @- chrome
07-05-2021 19:48:19 BaseClass.java INFO  [main] base.BaseClass 57 - ----------BROWSER OPENED-----------
07-05-2021 19:48:19 BaseClass.java INFO  [main] base.BaseClass 58 - ----------NEW TEST CASE-----------
07-05-2021 19:48:19 NavBarTest.java INFO  [main] tests.NavBarTest 33 - Valid Test: When User click on BusHire on Nav Bar
07-05-2021 19:48:22 NavBarTest.java INFO  [main] tests.NavBarTest 38 - Bus Hire was clicked
07-05-2021 19:48:22 CommonAssertions.java INFO  [main] testUtils.CommonAssertions 41 - Assertion Passes,  Actual: Bus Hire: Rent Volvo, AC buses, Mini Buses, Tempo Travellers & Innova Cars - Book Online,Expected: Bus Hire: Rent Volvo, AC buses, Mini Buses, Tempo Travellers & Innova Cars - Book Online
]]></system-out>
    <system-err><![CDATA[Jul 05, 2021 7:48:11 PM org.openqa.selenium.remote.DesiredCapabilities chrome
INFO: Using `new ChromeOptions()` is preferred to `DesiredCapabilities.chrome()`
Jul 05, 2021 7:48:14 PM org.openqa.selenium.remote.ProtocolHandshake createSession
INFO: Detected dialect: W3C
]]></system-err>
  </testcase>
  <testcase name="busTicket" classname="com.redbus.tests.NavBarTest" time="6.21">
    <system-out><![CDATA[07-05-2021 19:48:22 ExtentReport.java INFO  [main] utils.ExtentReport 50 - Report Generated
07-05-2021 19:48:22 BaseClass.java INFO  [main] base.BaseClass 71 - ----------Browser Closed-----------
07-05-2021 19:48:22 BaseClass.java INFO  [main] base.BaseClass 72 - -----------TEST RUN COMPLETED------------
07-05-2021 19:48:22 BaseClass.java INFO  [main] base.BaseClass 33 - ---- Docker headless---
07-05-2021 19:48:22 BrowserSetUp.java INFO  [main] base.BrowserSetUp 136 - Browser open Docker in headless mode @- chrome
07-05-2021 19:48:30 BaseClass.java INFO  [main] base.BaseClass 57 - ----------BROWSER OPENED-----------
07-05-2021 19:48:30 BaseClass.java INFO  [main] base.BaseClass 58 - ----------NEW TEST CASE-----------
07-05-2021 19:48:30 NavBarTest.java INFO  [main] tests.NavBarTest 48 - Valid Test: When User click on Bus Tickets on Nav Bar
07-05-2021 19:48:35 NavBarTest.java INFO  [main] tests.NavBarTest 53 - Bus Ticket was clicked
07-05-2021 19:48:36 CommonAssertions.java INFO  [main] testUtils.CommonAssertions 63 - Assertion Passes,  Actual: Online Bus Tickets Booking: Book Bus Ticket and Bus Reservation -redBus India,Expected: Online Bus Tickets Booking: Book Bus Ticket and Bus Reservation -redBus India
]]></system-out>
    <system-err><![CDATA[Jul 05, 2021 7:48:22 PM org.openqa.selenium.remote.DesiredCapabilities chrome
INFO: Using `new ChromeOptions()` is preferred to `DesiredCapabilities.chrome()`
Jul 05, 2021 7:48:24 PM org.openqa.selenium.remote.ProtocolHandshake createSession
INFO: Detected dialect: W3C
]]></system-err>
  </testcase>
  <testcase name="rPool" classname="com.redbus.tests.NavBarTest" time="1.221">
    <system-out><![CDATA[07-05-2021 19:48:37 ExtentReport.java INFO  [main] utils.ExtentReport 50 - Report Generated
07-05-2021 19:48:37 BaseClass.java INFO  [main] base.BaseClass 71 - ----------Browser Closed-----------
07-05-2021 19:48:37 BaseClass.java INFO  [main] base.BaseClass 72 - -----------TEST RUN COMPLETED------------
07-05-2021 19:48:37 BaseClass.java INFO  [main] base.BaseClass 33 - ---- Docker headless---
07-05-2021 19:48:37 BrowserSetUp.java INFO  [main] base.BrowserSetUp 136 - Browser open Docker in headless mode @- chrome
07-05-2021 19:48:43 BaseClass.java INFO  [main] base.BaseClass 57 - ----------BROWSER OPENED-----------
07-05-2021 19:48:43 BaseClass.java INFO  [main] base.BaseClass 58 - ----------NEW TEST CASE-----------
07-05-2021 19:48:43 NavBarTest.java INFO  [main] tests.NavBarTest 19 - Valid Test: When User click on RPool on Nav Bar
07-05-2021 19:48:45 NavBarTest.java INFO  [main] tests.NavBarTest 24 - RPool was clicked
07-05-2021 19:48:45 CommonAssertions.java INFO  [main] testUtils.CommonAssertions 74 - Assertion Passes,  Actual: rPool - India’s new Carpool & Bikepool mobile app,Expected: rPool - India’s new Carpool & Bikepool mobile app
]]></system-out>
    <system-err><![CDATA[Jul 05, 2021 7:48:37 PM org.openqa.selenium.remote.DesiredCapabilities chrome
INFO: Using `new ChromeOptions()` is preferred to `DesiredCapabilities.chrome()`
Jul 05, 2021 7:48:39 PM org.openqa.selenium.remote.ProtocolHandshake createSession
INFO: Detected dialect: W3C
]]></system-err>
  </testcase>
  <testcase name="redBusLogo" classname="com.redbus.tests.NavBarTest" time="1.005">
    <system-out><![CDATA[07-05-2021 19:48:45 ExtentReport.java INFO  [main] utils.ExtentReport 50 - Report Generated
07-05-2021 19:48:45 BaseClass.java INFO  [main] base.BaseClass 71 - ----------Browser Closed-----------
07-05-2021 19:48:45 BaseClass.java INFO  [main] base.BaseClass 72 - -----------TEST RUN COMPLETED------------
07-05-2021 19:48:45 BaseClass.java INFO  [main] base.BaseClass 33 - ---- Docker headless---
07-05-2021 19:48:45 BrowserSetUp.java INFO  [main] base.BrowserSetUp 136 - Browser open Docker in headless mode @- chrome
07-05-2021 19:48:52 BaseClass.java INFO  [main] base.BaseClass 57 - ----------BROWSER OPENED-----------
07-05-2021 19:48:52 BaseClass.java INFO  [main] base.BaseClass 58 - ----------NEW TEST CASE-----------
07-05-2021 19:48:52 NavBarTest.java INFO  [main] tests.NavBarTest 63 - Valid Test: When User click on redBusLogo on Nav Bar
07-05-2021 19:48:53 NavBarTest.java INFO  [main] tests.NavBarTest 68 - RedBusLogo was clicked
07-05-2021 19:48:53 CommonAssertions.java INFO  [main] testUtils.CommonAssertions 19 - Assertion Passes,  Actual: Book Bus Travels, AC Volvo Bus, rPool & Bus Hire - redBus India,Expected: Book Bus Travels, AC Volvo Bus, rPool & Bus Hire - redBus India
]]></system-out>
    <system-err><![CDATA[Jul 05, 2021 7:48:45 PM org.openqa.selenium.remote.DesiredCapabilities chrome
INFO: Using `new ChromeOptions()` is preferred to `DesiredCapabilities.chrome()`
Jul 05, 2021 7:48:50 PM org.openqa.selenium.remote.ProtocolHandshake createSession
INFO: Detected dialect: W3C
]]></system-err>
  </testcase>
</testsuite>