<?xml version="1.0" encoding="UTF-8"?>
<testng-results skipped="0" failed="0" ignored="0" total="1" passed="1">
  <reporter-output>
  </reporter-output>
  <suite name="Default suite" duration-ms="20098" started-at="2021-07-05T14:32:51Z" finished-at="2021-07-05T14:33:12Z">
    <groups>
    </groups>
    <test name="Default test" duration-ms="20098" started-at="2021-07-05T14:32:51Z" finished-at="2021-07-05T14:33:12Z">
      <class name="com.redbus.tests.BusHireTest">
        <test-method status="PASS" signature="setExtent()[pri:0, instance:com.redbus.tests.BusHireTest@5efa40fe]" name="setExtent" is-config="true" duration-ms="166" started-at="2021-07-05T20:02:51Z" finished-at="2021-07-05T20:02:51Z">
          <reporter-output>
          </reporter-output>
        </test-method> <!-- setExtent -->
        <test-method status="PASS" signature="intializeWebDriver()[pri:0, instance:com.redbus.tests.BusHireTest@5efa40fe]" name="intializeWebDriver" is-config="true" duration-ms="2010" started-at="2021-07-05T20:02:52Z" finished-at="2021-07-05T20:02:54Z">
          <reporter-output>
          </reporter-output>
        </test-method> <!-- intializeWebDriver -->
        <test-method status="PASS" signature="openBrowser()[pri:0, instance:com.redbus.tests.BusHireTest@5efa40fe]" name="openBrowser" is-config="true" duration-ms="7108" started-at="2021-07-05T20:02:54Z" depends-on-methods="com.redbus.base.BaseClass.intializeWebDriver" finished-at="2021-07-05T20:03:01Z">
          <reporter-output>
          </reporter-output>
        </test-method> <!-- openBrowser -->
        <test-method status="PASS" signature="offers()[pri:0, instance:com.redbus.tests.BusHireTest@5efa40fe]" name="offers" duration-ms="10224" started-at="2021-07-05T20:03:01Z" finished-at="2021-07-05T20:03:11Z">
          <reporter-output>
          </reporter-output>
        </test-method> <!-- offers -->
        <test-method status="PASS" signature="attachScreenshot(org.testng.ITestResult)[pri:0, instance:com.redbus.tests.BusHireTest@5efa40fe]" name="attachScreenshot" is-config="true" duration-ms="8" started-at="2021-07-05T20:03:11Z" finished-at="2021-07-05T20:03:11Z">
          <params>
            <param index="0">
              <value>
                <![CDATA[[TestResult name=offers status=SUCCESS method=BusHireTest.offers()[pri:0, instance:com.redbus.tests.BusHireTest@5efa40fe] output={null}]]]>
              </value>
            </param>
          </params>
          <reporter-output>
          </reporter-output>
        </test-method> <!-- attachScreenshot -->
        <test-method status="PASS" signature="reportclose()[pri:0, instance:com.redbus.tests.BusHireTest@5efa40fe]" name="reportclose" is-config="true" duration-ms="1" started-at="2021-07-05T20:03:11Z" finished-at="2021-07-05T20:03:11Z">
          <reporter-output>
          </reporter-output>
        </test-method> <!-- reportclose -->
        <test-method status="PASS" signature="closeBrowser()[pri:0, instance:com.redbus.tests.BusHireTest@5efa40fe]" name="closeBrowser" is-config="true" duration-ms="717" started-at="2021-07-05T20:03:11Z" finished-at="2021-07-05T20:03:12Z">
          <reporter-output>
          </reporter-output>
        </test-method> <!-- closeBrowser -->
        <test-method status="PASS" signature="endReport()[pri:0, instance:com.redbus.tests.BusHireTest@5efa40fe]" name="endReport" is-config="true" duration-ms="634" started-at="2021-07-05T20:03:12Z" finished-at="2021-07-05T20:03:12Z">
          <reporter-output>
          </reporter-output>
        </test-method> <!-- endReport -->
      </class> <!-- com.redbus.tests.BusHireTest -->
    </test> <!-- Default test -->
  </suite> <!-- Default suite -->
</testng-results>
